<?xml version="1.0" encoding="UTF-8"?>
<testsuite name="Yo como analista de calidad" tests="1" skipped="1" failures="0" errors="0" timestamp="2021-11-17T21:39:54" hostname="LAPTOP-BLOP7N3L" time="0.023">
  <properties/>
  <testcase name="EMPTY_NAME" classname="Yo como analista de calidad" time="0.023">
    <skipped/>
  </testcase>
  <system-out><![CDATA[]]></system-out>
  <system-err><![CDATA[[Test worker] INFO net.thucydides.core.steps.ConsoleLoggingListener - TEST PENDING
[Test worker] INFO net.thucydides.core.steps.ConsoleLoggingListener - 
          __  _____ _____ ____ _____   ____  _____ _   _ ____ ___ _   _  ____ 
 _       / / |_   _| ____/ ___|_   _| |  _ \| ____| \ | |  _ \_ _| \ | |/ ___|
(_)____ / /    | | |  _| \___ \ | |   | |_) |  _| |  \| | | | | ||  \| | |  _ 
 |_____/ /     | | | |___ ___) || |   |  __/| |___| |\  | |_| | || |\  | |_| |
(_)   /_/      |_| |_____|____/ |_|   |_|   |_____|_| \_|____/___|_| \_|\____|
                                                                                

TEST PENDING: 
---------------------------------------------------------------------------------
]]></system-err>
</testsuite>
